<?xml version="1.0" encoding="UTF-8"?>
<!-- Generated by org.testng.reporters.JUnitReportReporter -->
<testsuite name="testClasses.LoginTests" tests="1" time="4.871" ignored="0" failures="0" timestamp="03 feb 2017 23:11:09 GMT" skipped="0" hostname="Jrivera" errors="0">
  <testcase name="loginTest" time="4.871" classname="testClasses.LoginTests"/>
</testsuite> <!-- testClasses.LoginTests -->
