<?xml version="1.0" encoding="UTF-8"?>
<!-- Generated by org.testng.reporters.JUnitReportReporter -->
<testsuite name="testClasses.LoginTests" tests="1" time="6.771" ignored="0" failures="0" timestamp="12 feb 2017 06:38:12 GMT" skipped="0" hostname="home" errors="0">
  <testcase name="loginTest" time="6.771" classname="testClasses.LoginTests"/>
</testsuite> <!-- testClasses.LoginTests -->
